Build started 11/12/2022 11:04:34 AM.
     1>Project "C:\Users\edisa\documents\visual studio 2010\Projects\KursovazadDIP\KursovazadDIP\KursovazadDIP.vcxproj" on node 2 (build target(s)).
     1>InitializeBuildStatus:
         Creating "Debug\KursovazadDIP.unsuccessfulbuild" because "AlwaysCreate" was specified.
       ClCompile:
         All outputs are up-to-date.
         C:\Program Files (x86)\Microsoft Visual Studio 10.0\VC\bin\CL.exe /c /ZI /nologo /W3 /WX- /Od /Oy- /D WIN32 /D _WINDOWS /D _DEBUG /D _MBCS /D _AFXDLL /Gm /EHsc /RTC1 /MDd /GS /fp:precise /Zc:wchar_t /Zc:forScope /Yu"StdAfx.h" /Fp"Debug\KursovazadDIP.pch" /Fo"Debug\\" /Fd"Debug\vc100.pdb" /Gd /TP /analyze- /errorReport:prompt KursovazadDIP.cpp KursovazadDIPDoc.cpp KursovazadDIPView.cpp
         KursovazadDIP.cpp
         Generating Code...
         Compiling...
         KursovazadDIPDoc.cpp
         Generating Code...
         Skipping... (no relevant changes detected)
         KursovazadDIPView.cpp
       ResourceCompile:
         All outputs are up-to-date.
       ManifestResourceCompile:
         All outputs are up-to-date.
       Link:
         C:\Program Files (x86)\Microsoft Visual Studio 10.0\VC\bin\link.exe /ERRORREPORT:PROMPT /OUT:"C:\Users\edisa\documents\visual studio 2010\Projects\KursovazadDIP\Debug\KursovazadDIP.exe" /INCREMENTAL /NOLOGO /MANIFEST /ManifestFile:"Debug\KursovazadDIP.exe.intermediate.manifest" /MANIFESTUAC:"level='asInvoker' uiAccess='false'" /DEBUG /PDB:"C:\Users\edisa\documents\visual studio 2010\Projects\KursovazadDIP\Debug\KursovazadDIP.pdb" /SUBSYSTEM:WINDOWS /TLBID:1 /DYNAMICBASE /NXCOMPAT /IMPLIB:"C:\Users\edisa\documents\visual studio 2010\Projects\KursovazadDIP\Debug\KursovazadDIP.lib" /MACHINE:X86 Debug\KursovazadDIP.res
         Debug\KursovazadDIP.exe.embed.manifest.res
         Debug\KursovazadDIP.obj
         Debug\KursovazadDIPDoc.obj
         Debug\KursovazadDIPView.obj
         Debug\MainFrm.obj
         Debug\stdafx.obj
       Manifest:
         C:\Program Files (x86)\Microsoft SDKs\Windows\v7.0A\bin\mt.exe /nologo /verbose /out:"Debug\KursovazadDIP.exe.embed.manifest" /manifest Debug\KursovazadDIP.exe.intermediate.manifest "C:\Program Files (x86)\Microsoft Visual Studio 10.0\VC\Include\Manifest\dpiaware.manifest"
         All outputs are up-to-date.
       LinkEmbedManifest:
         All outputs are up-to-date.
         KursovazadDIP.vcxproj -> C:\Users\edisa\documents\visual studio 2010\Projects\KursovazadDIP\Debug\KursovazadDIP.exe
       FinalizeBuildStatus:
         Deleting file "Debug\KursovazadDIP.unsuccessfulbuild".
         Touching "Debug\KursovazadDIP.lastbuildstate".
     1>Done Building Project "C:\Users\edisa\documents\visual studio 2010\Projects\KursovazadDIP\KursovazadDIP\KursovazadDIP.vcxproj" (build target(s)).

Build succeeded.

Time Elapsed 00:00:01.62
